2024-10-10 16:39:39,048 DEBUG [org.apache.ibatis.logging.LogFactory] Logging initialized using 'class org.apache.ibatis.logging.log4j2.Log4j2Impl' adapter.
2024-10-10 16:39:39,051 DEBUG [org.apache.ibatis.datasource.pooled.PooledDataSource] PooledDataSource forcefully closed/removed all connections.
2024-10-10 16:39:39,051 DEBUG [org.apache.ibatis.datasource.pooled.PooledDataSource] PooledDataSource forcefully closed/removed all connections.
2024-10-10 16:39:39,051 DEBUG [org.apache.ibatis.datasource.pooled.PooledDataSource] PooledDataSource forcefully closed/removed all connections.
2024-10-10 16:39:39,051 DEBUG [org.apache.ibatis.datasource.pooled.PooledDataSource] PooledDataSource forcefully closed/removed all connections.
2024-10-10 16:39:39,151 DEBUG [org.apache.ibatis.transaction.jdbc.JdbcTransaction] Opening JDBC Connection
2024-10-10 16:39:39,510 DEBUG [org.apache.ibatis.datasource.pooled.PooledDataSource] Created connection 61137731.
2024-10-10 16:39:39,510 DEBUG [org.apache.ibatis.transaction.jdbc.JdbcTransaction] Setting autocommit to false on JDBC Connection [com.mysql.cj.jdbc.ConnectionImpl@3a4e343]
2024-10-10 16:39:39,510 DEBUG [StudentMapper.selectList] ==>  Preparing: select studno, name, userid, grade, idnum, birthdate, tel, height, weight, deptno, profno from student;
2024-10-10 16:39:39,557 DEBUG [StudentMapper.selectList] ==> Parameters: 
2024-10-10 16:39:39,605 DEBUG [StudentMapper.selectList] <==      Total: 15
2024-10-10 16:39:39,605 DEBUG [kr.jinsu.mybatis_ex.App05_stud] 학생이름: 전인하
2024-10-10 16:39:39,605 DEBUG [kr.jinsu.mybatis_ex.App05_stud] 아이디: jun123
2024-10-10 16:39:39,605 DEBUG [kr.jinsu.mybatis_ex.App05_stud] 학년: 4
2024-10-10 16:39:39,605 DEBUG [kr.jinsu.mybatis_ex.App05_stud] 주민번호: 7907021369824
2024-10-10 16:39:39,605 DEBUG [kr.jinsu.mybatis_ex.App05_stud] 생년월일: 1979-07-02 00:00:00
2024-10-10 16:39:39,605 DEBUG [kr.jinsu.mybatis_ex.App05_stud] 연락처: 051)781-2158
2024-10-10 16:39:39,605 DEBUG [kr.jinsu.mybatis_ex.App05_stud] 키: 176
2024-10-10 16:39:39,605 DEBUG [kr.jinsu.mybatis_ex.App05_stud] 몸무게: 72
2024-10-10 16:39:39,605 DEBUG [kr.jinsu.mybatis_ex.App05_stud] 학과번호: 101
2024-10-10 16:39:39,605 DEBUG [kr.jinsu.mybatis_ex.App05_stud] 교수번호: 9903
2024-10-10 16:39:39,605 DEBUG [kr.jinsu.mybatis_ex.App05_stud]  
2024-10-10 16:39:39,605 DEBUG [kr.jinsu.mybatis_ex.App05_stud] 학생이름: 박미경
2024-10-10 16:39:39,605 DEBUG [kr.jinsu.mybatis_ex.App05_stud] 아이디: ansel414
2024-10-10 16:39:39,605 DEBUG [kr.jinsu.mybatis_ex.App05_stud] 학년: 1
2024-10-10 16:39:39,605 DEBUG [kr.jinsu.mybatis_ex.App05_stud] 주민번호: 8405162123648
2024-10-10 16:39:39,605 DEBUG [kr.jinsu.mybatis_ex.App05_stud] 생년월일: 1984-05-16 00:00:00
2024-10-10 16:39:39,605 DEBUG [kr.jinsu.mybatis_ex.App05_stud] 연락처: 055)261-8947
2024-10-10 16:39:39,605 DEBUG [kr.jinsu.mybatis_ex.App05_stud] 키: 168
2024-10-10 16:39:39,605 DEBUG [kr.jinsu.mybatis_ex.App05_stud] 몸무게: 52
2024-10-10 16:39:39,605 DEBUG [kr.jinsu.mybatis_ex.App05_stud] 학과번호: 101
2024-10-10 16:39:39,605 DEBUG [kr.jinsu.mybatis_ex.App05_stud] 교수번호: 0
2024-10-10 16:39:39,605 DEBUG [kr.jinsu.mybatis_ex.App05_stud]  
2024-10-10 16:39:39,605 DEBUG [kr.jinsu.mybatis_ex.App05_stud] 학생이름: 김영균
2024-10-10 16:39:39,605 DEBUG [kr.jinsu.mybatis_ex.App05_stud] 아이디: mandu
2024-10-10 16:39:39,605 DEBUG [kr.jinsu.mybatis_ex.App05_stud] 학년: 3
2024-10-10 16:39:39,605 DEBUG [kr.jinsu.mybatis_ex.App05_stud] 주민번호: 8103211063421
2024-10-10 16:39:39,605 DEBUG [kr.jinsu.mybatis_ex.App05_stud] 생년월일: 1981-03-21 00:00:00
2024-10-10 16:39:39,618 DEBUG [kr.jinsu.mybatis_ex.App05_stud] 연락처: 051)824-9637
2024-10-10 16:39:39,618 DEBUG [kr.jinsu.mybatis_ex.App05_stud] 키: 170
2024-10-10 16:39:39,619 DEBUG [kr.jinsu.mybatis_ex.App05_stud] 몸무게: 88
2024-10-10 16:39:39,619 DEBUG [kr.jinsu.mybatis_ex.App05_stud] 학과번호: 101
2024-10-10 16:39:39,620 DEBUG [kr.jinsu.mybatis_ex.App05_stud] 교수번호: 9906
2024-10-10 16:39:39,620 DEBUG [kr.jinsu.mybatis_ex.App05_stud]  
2024-10-10 16:39:39,621 DEBUG [kr.jinsu.mybatis_ex.App05_stud] 학생이름: 지은경
2024-10-10 16:39:39,621 DEBUG [kr.jinsu.mybatis_ex.App05_stud] 아이디: gomo00
2024-10-10 16:39:39,622 DEBUG [kr.jinsu.mybatis_ex.App05_stud] 학년: 2
2024-10-10 16:39:39,622 DEBUG [kr.jinsu.mybatis_ex.App05_stud] 주민번호: 8004122298371
2024-10-10 16:39:39,622 DEBUG [kr.jinsu.mybatis_ex.App05_stud] 생년월일: 1980-04-12 00:00:00
2024-10-10 16:39:39,623 DEBUG [kr.jinsu.mybatis_ex.App05_stud] 연락처: 055)418-9627
2024-10-10 16:39:39,623 DEBUG [kr.jinsu.mybatis_ex.App05_stud] 키: 161
2024-10-10 16:39:39,623 DEBUG [kr.jinsu.mybatis_ex.App05_stud] 몸무게: 42
2024-10-10 16:39:39,623 DEBUG [kr.jinsu.mybatis_ex.App05_stud] 학과번호: 101
2024-10-10 16:39:39,624 DEBUG [kr.jinsu.mybatis_ex.App05_stud] 교수번호: 9907
2024-10-10 16:39:39,624 DEBUG [kr.jinsu.mybatis_ex.App05_stud]  
2024-10-10 16:39:39,624 DEBUG [kr.jinsu.mybatis_ex.App05_stud] 학생이름: 임유진
2024-10-10 16:39:39,624 DEBUG [kr.jinsu.mybatis_ex.App05_stud] 아이디: youjin12
2024-10-10 16:39:39,625 DEBUG [kr.jinsu.mybatis_ex.App05_stud] 학년: 2
2024-10-10 16:39:39,625 DEBUG [kr.jinsu.mybatis_ex.App05_stud] 주민번호: 8301212196482
2024-10-10 16:39:39,625 DEBUG [kr.jinsu.mybatis_ex.App05_stud] 생년월일: 1983-01-21 00:00:00
2024-10-10 16:39:39,625 DEBUG [kr.jinsu.mybatis_ex.App05_stud] 연락처: 02)312-9838
2024-10-10 16:39:39,626 DEBUG [kr.jinsu.mybatis_ex.App05_stud] 키: 171
2024-10-10 16:39:39,628 DEBUG [kr.jinsu.mybatis_ex.App05_stud] 몸무게: 54
2024-10-10 16:39:39,628 DEBUG [kr.jinsu.mybatis_ex.App05_stud] 학과번호: 101
2024-10-10 16:39:39,628 DEBUG [kr.jinsu.mybatis_ex.App05_stud] 교수번호: 9907
2024-10-10 16:39:39,628 DEBUG [kr.jinsu.mybatis_ex.App05_stud]  
2024-10-10 16:39:39,628 DEBUG [kr.jinsu.mybatis_ex.App05_stud] 학생이름: 서재진
2024-10-10 16:39:39,628 DEBUG [kr.jinsu.mybatis_ex.App05_stud] 아이디: seolly
2024-10-10 16:39:39,628 DEBUG [kr.jinsu.mybatis_ex.App05_stud] 학년: 1
2024-10-10 16:39:39,628 DEBUG [kr.jinsu.mybatis_ex.App05_stud] 주민번호: 8511291186273
2024-10-10 16:39:39,628 DEBUG [kr.jinsu.mybatis_ex.App05_stud] 생년월일: 1985-11-29 00:00:00
2024-10-10 16:39:39,628 DEBUG [kr.jinsu.mybatis_ex.App05_stud] 연락처: 051)239-4861
2024-10-10 16:39:39,628 DEBUG [kr.jinsu.mybatis_ex.App05_stud] 키: 186
2024-10-10 16:39:39,628 DEBUG [kr.jinsu.mybatis_ex.App05_stud] 몸무게: 72
2024-10-10 16:39:39,628 DEBUG [kr.jinsu.mybatis_ex.App05_stud] 학과번호: 101
2024-10-10 16:39:39,628 DEBUG [kr.jinsu.mybatis_ex.App05_stud] 교수번호: 0
2024-10-10 16:39:39,628 DEBUG [kr.jinsu.mybatis_ex.App05_stud]  
2024-10-10 16:39:39,628 DEBUG [kr.jinsu.mybatis_ex.App05_stud] 학생이름: 이광훈
2024-10-10 16:39:39,628 DEBUG [kr.jinsu.mybatis_ex.App05_stud] 아이디: huriky
2024-10-10 16:39:39,628 DEBUG [kr.jinsu.mybatis_ex.App05_stud] 학년: 4
2024-10-10 16:39:39,628 DEBUG [kr.jinsu.mybatis_ex.App05_stud] 주민번호: 8109131276431
2024-10-10 16:39:39,628 DEBUG [kr.jinsu.mybatis_ex.App05_stud] 생년월일: 1981-09-13 00:00:00
2024-10-10 16:39:39,635 DEBUG [kr.jinsu.mybatis_ex.App05_stud] 연락처: 055)736-4981
2024-10-10 16:39:39,636 DEBUG [kr.jinsu.mybatis_ex.App05_stud] 키: 175
2024-10-10 16:39:39,636 DEBUG [kr.jinsu.mybatis_ex.App05_stud] 몸무게: 92
2024-10-10 16:39:39,636 DEBUG [kr.jinsu.mybatis_ex.App05_stud] 학과번호: 101
2024-10-10 16:39:39,637 DEBUG [kr.jinsu.mybatis_ex.App05_stud] 교수번호: 9903
2024-10-10 16:39:39,637 DEBUG [kr.jinsu.mybatis_ex.App05_stud]  
2024-10-10 16:39:39,637 DEBUG [kr.jinsu.mybatis_ex.App05_stud] 학생이름: 류민정
2024-10-10 16:39:39,637 DEBUG [kr.jinsu.mybatis_ex.App05_stud] 아이디: cleansky
2024-10-10 16:39:39,638 DEBUG [kr.jinsu.mybatis_ex.App05_stud] 학년: 2
2024-10-10 16:39:39,638 DEBUG [kr.jinsu.mybatis_ex.App05_stud] 주민번호: 8108192157498
2024-10-10 16:39:39,639 DEBUG [kr.jinsu.mybatis_ex.App05_stud] 생년월일: 1981-08-19 00:00:00
2024-10-10 16:39:39,639 DEBUG [kr.jinsu.mybatis_ex.App05_stud] 연락처: 055)248-3679
2024-10-10 16:39:39,640 DEBUG [kr.jinsu.mybatis_ex.App05_stud] 키: 162
2024-10-10 16:39:39,640 DEBUG [kr.jinsu.mybatis_ex.App05_stud] 몸무게: 72
2024-10-10 16:39:39,640 DEBUG [kr.jinsu.mybatis_ex.App05_stud] 학과번호: 101
2024-10-10 16:39:39,641 DEBUG [kr.jinsu.mybatis_ex.App05_stud] 교수번호: 9907
2024-10-10 16:39:39,641 DEBUG [kr.jinsu.mybatis_ex.App05_stud]  
2024-10-10 16:39:39,641 DEBUG [kr.jinsu.mybatis_ex.App05_stud] 학생이름: 김진영
2024-10-10 16:39:39,642 DEBUG [kr.jinsu.mybatis_ex.App05_stud] 아이디: simply
2024-10-10 16:39:39,642 DEBUG [kr.jinsu.mybatis_ex.App05_stud] 학년: 2
2024-10-10 16:39:39,642 DEBUG [kr.jinsu.mybatis_ex.App05_stud] 주민번호: 8206062186327
2024-10-10 16:39:39,643 DEBUG [kr.jinsu.mybatis_ex.App05_stud] 생년월일: 1982-06-06 00:00:00
2024-10-10 16:39:39,643 DEBUG [kr.jinsu.mybatis_ex.App05_stud] 연락처: 055)419-6328
2024-10-10 16:39:39,643 DEBUG [kr.jinsu.mybatis_ex.App05_stud] 키: 164
2024-10-10 16:39:39,643 DEBUG [kr.jinsu.mybatis_ex.App05_stud] 몸무게: 48
2024-10-10 16:39:39,643 DEBUG [kr.jinsu.mybatis_ex.App05_stud] 학과번호: 102
2024-10-10 16:39:39,643 DEBUG [kr.jinsu.mybatis_ex.App05_stud] 교수번호: 9905
2024-10-10 16:39:39,643 DEBUG [kr.jinsu.mybatis_ex.App05_stud]  
2024-10-10 16:39:39,643 DEBUG [kr.jinsu.mybatis_ex.App05_stud] 학생이름: 오유석
2024-10-10 16:39:39,643 DEBUG [kr.jinsu.mybatis_ex.App05_stud] 아이디: yousuk
2024-10-10 16:39:39,643 DEBUG [kr.jinsu.mybatis_ex.App05_stud] 학년: 4
2024-10-10 16:39:39,643 DEBUG [kr.jinsu.mybatis_ex.App05_stud] 주민번호: 7709121128379
2024-10-10 16:39:39,643 DEBUG [kr.jinsu.mybatis_ex.App05_stud] 생년월일: 1977-09-12 00:00:00
2024-10-10 16:39:39,643 DEBUG [kr.jinsu.mybatis_ex.App05_stud] 연락처: 051)724-9618
2024-10-10 16:39:39,643 DEBUG [kr.jinsu.mybatis_ex.App05_stud] 키: 177
2024-10-10 16:39:39,643 DEBUG [kr.jinsu.mybatis_ex.App05_stud] 몸무게: 92
2024-10-10 16:39:39,643 DEBUG [kr.jinsu.mybatis_ex.App05_stud] 학과번호: 102
2024-10-10 16:39:39,643 DEBUG [kr.jinsu.mybatis_ex.App05_stud] 교수번호: 9905
2024-10-10 16:39:39,643 DEBUG [kr.jinsu.mybatis_ex.App05_stud]  
2024-10-10 16:39:39,643 DEBUG [kr.jinsu.mybatis_ex.App05_stud] 학생이름: 하나리
2024-10-10 16:39:39,643 DEBUG [kr.jinsu.mybatis_ex.App05_stud] 아이디: hanal
2024-10-10 16:39:39,643 DEBUG [kr.jinsu.mybatis_ex.App05_stud] 학년: 1
2024-10-10 16:39:39,643 DEBUG [kr.jinsu.mybatis_ex.App05_stud] 주민번호: 8501092378641
2024-10-10 16:39:39,643 DEBUG [kr.jinsu.mybatis_ex.App05_stud] 생년월일: 1985-01-09 00:00:00
2024-10-10 16:39:39,643 DEBUG [kr.jinsu.mybatis_ex.App05_stud] 연락처: 055)296-3784
2024-10-10 16:39:39,643 DEBUG [kr.jinsu.mybatis_ex.App05_stud] 키: 160
2024-10-10 16:39:39,643 DEBUG [kr.jinsu.mybatis_ex.App05_stud] 몸무게: 68
2024-10-10 16:39:39,652 DEBUG [kr.jinsu.mybatis_ex.App05_stud] 학과번호: 102
2024-10-10 16:39:39,652 DEBUG [kr.jinsu.mybatis_ex.App05_stud] 교수번호: 0
2024-10-10 16:39:39,653 DEBUG [kr.jinsu.mybatis_ex.App05_stud]  
2024-10-10 16:39:39,653 DEBUG [kr.jinsu.mybatis_ex.App05_stud] 학생이름: 윤진욱
2024-10-10 16:39:39,653 DEBUG [kr.jinsu.mybatis_ex.App05_stud] 아이디: samba7
2024-10-10 16:39:39,654 DEBUG [kr.jinsu.mybatis_ex.App05_stud] 학년: 3
2024-10-10 16:39:39,654 DEBUG [kr.jinsu.mybatis_ex.App05_stud] 주민번호: 7904021358671
2024-10-10 16:39:39,654 DEBUG [kr.jinsu.mybatis_ex.App05_stud] 생년월일: 1979-04-02 00:00:00
2024-10-10 16:39:39,654 DEBUG [kr.jinsu.mybatis_ex.App05_stud] 연락처: 053)487-2698
2024-10-10 16:39:39,655 DEBUG [kr.jinsu.mybatis_ex.App05_stud] 키: 171
2024-10-10 16:39:39,655 DEBUG [kr.jinsu.mybatis_ex.App05_stud] 몸무게: 70
2024-10-10 16:39:39,655 DEBUG [kr.jinsu.mybatis_ex.App05_stud] 학과번호: 102
2024-10-10 16:39:39,656 DEBUG [kr.jinsu.mybatis_ex.App05_stud] 교수번호: 9905
2024-10-10 16:39:39,656 DEBUG [kr.jinsu.mybatis_ex.App05_stud]  
2024-10-10 16:39:39,656 DEBUG [kr.jinsu.mybatis_ex.App05_stud] 학생이름: 이동훈
2024-10-10 16:39:39,657 DEBUG [kr.jinsu.mybatis_ex.App05_stud] 아이디: dals
2024-10-10 16:39:39,657 DEBUG [kr.jinsu.mybatis_ex.App05_stud] 학년: 1
2024-10-10 16:39:39,657 DEBUG [kr.jinsu.mybatis_ex.App05_stud] 주민번호: 8312101128467
2024-10-10 16:39:39,657 DEBUG [kr.jinsu.mybatis_ex.App05_stud] 생년월일: 1983-12-10 00:00:00
2024-10-10 16:39:39,657 DEBUG [kr.jinsu.mybatis_ex.App05_stud] 연락처: 055)426-1752
2024-10-10 16:39:39,658 DEBUG [kr.jinsu.mybatis_ex.App05_stud] 키: 172
2024-10-10 16:39:39,658 DEBUG [kr.jinsu.mybatis_ex.App05_stud] 몸무게: 64
2024-10-10 16:39:39,658 DEBUG [kr.jinsu.mybatis_ex.App05_stud] 학과번호: 201
2024-10-10 16:39:39,658 DEBUG [kr.jinsu.mybatis_ex.App05_stud] 교수번호: 0
2024-10-10 16:39:39,659 DEBUG [kr.jinsu.mybatis_ex.App05_stud]  
2024-10-10 16:39:39,659 DEBUG [kr.jinsu.mybatis_ex.App05_stud] 학생이름: 박동진
2024-10-10 16:39:39,660 DEBUG [kr.jinsu.mybatis_ex.App05_stud] 아이디: ping2
2024-10-10 16:39:39,660 DEBUG [kr.jinsu.mybatis_ex.App05_stud] 학년: 1
2024-10-10 16:39:39,660 DEBUG [kr.jinsu.mybatis_ex.App05_stud] 주민번호: 8511241639826
2024-10-10 16:39:39,660 DEBUG [kr.jinsu.mybatis_ex.App05_stud] 생년월일: 1985-11-24 00:00:00
2024-10-10 16:39:39,660 DEBUG [kr.jinsu.mybatis_ex.App05_stud] 연락처: 051)742-6384
2024-10-10 16:39:39,660 DEBUG [kr.jinsu.mybatis_ex.App05_stud] 키: 182
2024-10-10 16:39:39,660 DEBUG [kr.jinsu.mybatis_ex.App05_stud] 몸무게: 70
2024-10-10 16:39:39,660 DEBUG [kr.jinsu.mybatis_ex.App05_stud] 학과번호: 201
2024-10-10 16:39:39,660 DEBUG [kr.jinsu.mybatis_ex.App05_stud] 교수번호: 0
2024-10-10 16:39:39,660 DEBUG [kr.jinsu.mybatis_ex.App05_stud]  
2024-10-10 16:39:39,660 DEBUG [kr.jinsu.mybatis_ex.App05_stud] 학생이름: 박진수
2024-10-10 16:39:39,660 DEBUG [kr.jinsu.mybatis_ex.App05_stud] 아이디: jinsu
2024-10-10 16:39:39,660 DEBUG [kr.jinsu.mybatis_ex.App05_stud] 학년: 2
2024-10-10 16:39:39,660 DEBUG [kr.jinsu.mybatis_ex.App05_stud] 주민번호: 9609051111111
2024-10-10 16:39:39,660 DEBUG [kr.jinsu.mybatis_ex.App05_stud] 생년월일: 1996-09-05 00:00:00
2024-10-10 16:39:39,660 DEBUG [kr.jinsu.mybatis_ex.App05_stud] 연락처: 01033064205
2024-10-10 16:39:39,660 DEBUG [kr.jinsu.mybatis_ex.App05_stud] 키: 174
2024-10-10 16:39:39,660 DEBUG [kr.jinsu.mybatis_ex.App05_stud] 몸무게: 70
2024-10-10 16:39:39,660 DEBUG [kr.jinsu.mybatis_ex.App05_stud] 학과번호: 101
2024-10-10 16:39:39,669 DEBUG [kr.jinsu.mybatis_ex.App05_stud] 교수번호: 9911
2024-10-10 16:39:39,670 DEBUG [kr.jinsu.mybatis_ex.App05_stud]  
2024-10-10 16:39:39,670 DEBUG [org.apache.ibatis.transaction.jdbc.JdbcTransaction] Resetting autocommit to true on JDBC Connection [com.mysql.cj.jdbc.ConnectionImpl@3a4e343]
2024-10-10 16:39:39,672 DEBUG [org.apache.ibatis.transaction.jdbc.JdbcTransaction] Closing JDBC Connection [com.mysql.cj.jdbc.ConnectionImpl@3a4e343]
2024-10-10 16:39:39,672 DEBUG [org.apache.ibatis.datasource.pooled.PooledDataSource] Returned connection 61137731 to pool.
